Running: fuse.exe -relaunch -intstyle "ise" -incremental -lib "secureip" -o "F:/Edu/FPGA/generic_fuzzy_test/optimizer_tb_isim_beh.exe" -prj "F:/Edu/FPGA/generic_fuzzy_test/optimizer_tb_beh.prj" "work.optimizer_tb" 
ISim P.20131013 (signature 0x7708f090)
Number of CPUs detected in this system: 4
Turning on mult-threading, number of parallel sub-compilation jobs: 8 
Determining compilation order of HDL files
Parsing VHDL file "F:/Edu/FPGA/generic_fuzzy_test/Optimizer.vhd" into library work
Parsing VHDL file "F:/Edu/FPGA/generic_fuzzy_test/Fuzzifier.vhd" into library work
Parsing VHDL file "F:/Edu/FPGA/generic_fuzzy_test/optimizer_tb.vhd" into library work
Starting static elaboration
Completed static elaboration
Compiling package standard
Compiling package std_logic_1164
Compiling package numeric_std
Compiling architecture behavioral of entity Optimizer [optimizer_default]
Compiling architecture behavior of entity optimizer_tb
Time Resolution for simulation is 1ps.
Waiting for 1 sub-compilation(s) to finish...
Compiled 6 VHDL Units
Built simulation executable F:/Edu/FPGA/generic_fuzzy_test/optimizer_tb_isim_beh.exe
Fuse Memory Usage: 35924 KB
Fuse CPU Usage: 421 ms
